<?xml version="1.0" encoding="UTF-8"?>
<!-- Generated by org.testng.reporters.JUnitReportReporter -->
<testsuite hostname="LAPTOP-HDEBFRPU" failures="0" tests="1" name="ToolsQA.mavenEnvironmentsetUp.AppTest" time="5.680" errors="0" timestamp="8 Jul 2021 20:39:10 GMT">
  <testcase classname="ToolsQA.mavenEnvironmentsetUp.AppTest" name="maincode" time="5.680"/>
</testsuite> <!-- ToolsQA.mavenEnvironmentsetUp.AppTest -->
